<?xml version="1.0" encoding="UTF-8"?>
<!-- Generated by org.testng.reporters.JUnitXMLReporter -->
<testsuite ignored="0" hostname="DESKTOP-FE3AO5J" failures="1" tests="5" name="Default test(failed)" time="0.23" errors="0" timestamp="2025-09-26T14:19:02 IST">
  <testcase classname="TestNg_dependency.Dependencies" name="openapp" time="0.027"/>
  <testcase classname="TestNg_dependency.Dependencies" name="login" time="0.01"/>
  <testcase classname="TestNg_dependency.Dependencies" name="search" time="0.02">
    <failure type="java.lang.AssertionError" message="expected [true] but found [false]">
      <![CDATA[java.lang.AssertionError: expected [true] but found [false]
at TestNg_dependency.Dependencies.search(Dependencies.java:20)
at java.base/java.util.ArrayList.forEach(ArrayList.java:1596)
... Removed 29 stack frames]]>
    </failure>
  </testcase> <!-- search -->
  <testcase classname="TestNg_dependency.Dependencies" name="adsearch" time="0.001">
    <skipped/>
  </testcase> <!-- adsearch -->
  <testcase classname="TestNg_dependency.Dependencies" name="logout" time="0.0">
    <skipped/>
  </testcase> <!-- logout -->
</testsuite> <!-- Default test(failed) -->
